<?xml version="1.0" encoding="UTF-8"?>
<!-- Generated by org.testng.reporters.JUnitReportReporter -->
<testsuite hostname="LAPTOP-RO130BG1" failures="0" tests="1" name="mytest.LoginFormDemo" time="2.436" errors="0" timestamp="2023-08-30T11:14:44 IST" skipped="0">
  <testcase classname="mytest.LoginFormDemo" name="f" time="2.436"/>
</testsuite> <!-- mytest.LoginFormDemo -->
