<?xml version="1.0" encoding="UTF-8"?>
<!-- Generated by org.testng.reporters.JUnitReportReporter -->
<testsuite hostname="LAPTOP-RO130BG1" failures="0" tests="1" name="mytest.SigninFormDemo" time="1.159" errors="0" timestamp="2023-09-04T03:04:07 IST" skipped="0">
  <testcase classname="mytest.SigninFormDemo" name="f" time="1.159"/>
</testsuite> <!-- mytest.SigninFormDemo -->
