<?xml version="1.0" encoding="UTF-8"?>
<!-- Generated by org.testng.reporters.JUnitReportReporter -->
<testsuite hostname="LAPTOP-RO130BG1" failures="0" tests="1" name="mytest.WindowPopupDemo" time="4.401" errors="0" timestamp="2023-08-23T05:58:17 IST" skipped="0">
  <testcase classname="mytest.WindowPopupDemo" name="f" time="4.401"/>
</testsuite> <!-- mytest.WindowPopupDemo -->
