<?xml version="1.0" encoding="UTF-8"?>
<!-- Generated by org.testng.reporters.JUnitReportReporter -->
<testsuite hostname="LAPTOP-RO130BG1" failures="0" tests="3" name="mytest.DataProviderDemo" time="28.446" errors="0" timestamp="2023-09-01T03:11:10 IST" skipped="0">
  <testcase classname="mytest.DataProviderDemo" name="f" time="9.775"/>
  <testcase classname="mytest.DataProviderDemo" name="f" time="10.357"/>
  <testcase classname="mytest.DataProviderDemo" name="f" time="8.314"/>
</testsuite> <!-- mytest.DataProviderDemo -->
