<?xml version="1.0" encoding="UTF-8"?>
<!-- Generated by org.testng.reporters.JUnitReportReporter -->
<testsuite hostname="LAPTOP-RO130BG1" failures="0" tests="1" name="mytest.HtmlTable" time="0.610" errors="0" timestamp="2023-09-11T10:46:41 IST" skipped="0">
  <testcase classname="mytest.HtmlTable" name="verifyElementIsPresent" time="0.610"/>
</testsuite> <!-- mytest.HtmlTable -->
