<?xml version="1.0" encoding="UTF-8"?>
<!-- Generated by org.testng.reporters.JUnitReportReporter -->
<testsuite hostname="LAPTOP-RO130BG1" failures="0" tests="1" name="mytest.MercurToursTest" time="1.847" errors="0" timestamp="2023-09-04T02:59:49 IST" skipped="0">
  <testcase classname="mytest.MercurToursTest" name="f" time="1.847"/>
</testsuite> <!-- mytest.MercurToursTest -->
