<?xml version="1.0" encoding="UTF-8"?>
<!-- Generated by org.testng.reporters.JUnitReportReporter -->
<testsuite hostname="LAPTOP-RO130BG1" failures="0" tests="2" name="mytest.BrowserSelection" time="12.672" errors="0" timestamp="2023-08-31T17:37:36 IST" skipped="0">
  <testcase classname="mytest.BrowserSelection" name="f" time="6.122"/>
  <testcase classname="mytest.BrowserSelection" name="f" time="6.550"/>
</testsuite> <!-- mytest.BrowserSelection -->
