<?xml version="1.0" encoding="UTF-8"?>
<!-- Generated by org.testng.reporters.JUnitReportReporter -->
<testsuite hostname="LAPTOP-RO130BG1" failures="0" tests="2" name="mytest.NewTest" time="0.012" errors="0" timestamp="2023-08-24T02:36:46 IST" skipped="0">
  <testcase classname="mytest.NewTest" name="testOne" time="0.007"/>
  <testcase classname="mytest.NewTest" name="testTwo" time="0.005"/>
</testsuite> <!-- mytest.NewTest -->
