<?xml version="1.0" encoding="UTF-8"?>
<!-- Generated by org.testng.reporters.JUnitReportReporter -->
<testsuite hostname="LAPTOP-RO130BG1" failures="0" tests="1" name="mytest.SubmitFormGuruTest" time="3.386" errors="0" timestamp="2023-08-22T13:43:16 IST" skipped="0">
  <testcase classname="mytest.SubmitFormGuruTest" name="f" time="3.386"/>
</testsuite> <!-- mytest.SubmitFormGuruTest -->
